# JRE version: OpenJDK Runtime Environment (25.0+36) (build 25+36-3489)
# Java VM: OpenJDK 64-Bit Server VM (25+36-3489, mixed mode, sharing, tiered, compressed oops, compressed class ptrs, g1 gc, windows-amd64)
GC Precious Log:
 CardTable entry size: 512
 Card Set container configuration: InlinePtr #cards 4 size 8 Array Of Cards #cards 32 size 80 Howl #buckets 8 coarsen threshold 7372 Howl Bitmap #cards 1024 size 144 coarsen threshold 921 Card regions per heap region 1 cards per card region 8192
 CPUs: 16 total, 16 available
 Memory: 32560M
 Large Page Support: Disabled
 NUMA Support: Disabled
 Compressed Oops: Enabled (Zero based)
 Heap Region Size: 4M
 Heap Min Capacity: 8M
 Heap Initial Capacity: 512M
 Heap Max Capacity: 8144M
 Pre-touch: Disabled
 Parallel Workers: 13
 Concurrent Workers: 3
 Concurrent Refinement Workers: 13
 Periodic GC: Disabled
Heap:
 garbage-first heap   total reserved 8339456K, committed 151552K, used 133066K [0x0000000603000000, 0x0000000800000000)
  region size 4096K, 20 young (81920K), 2 survivors (8192K)
GC Heap Usage History (20 events):
Event: 157.723 {heap Before GC invocations=49 (full 9):
 garbage-first heap   total reserved 8339456K, committed 139264K, used 119565K [0x0000000603000000, 0x0000000800000000)
  region size 4096K, 20 young (81920K), 0 survivors (0K)
}
Event: 157.726 {heap After GC invocations=50 (full 9):
 garbage-first heap   total reserved 8339456K, committed 139264K, used 43918K [0x0000000603000000, 0x0000000800000000)
  region size 4096K, 2 young (8192K), 2 survivors (8192K)
}
Event: 159.417 {heap Before GC invocations=51 (full 9):
 garbage-first heap   total reserved 8339456K, committed 139264K, used 117646K [0x0000000603000000, 0x0000000800000000)
  region size 4096K, 20 young (81920K), 2 survivors (8192K)
}
Event: 159.420 {heap After GC invocations=52 (full 9):
 garbage-first heap   total reserved 8339456K, committed 139264K, used 43710K [0x0000000603000000, 0x0000000800000000)
  region size 4096K, 2 young (8192K), 2 survivors (8192K)
}
Event: 159.425 {heap Before GC invocations=52 (full 9):
 garbage-first heap   total reserved 8339456K, committed 139264K, used 43710K [0x0000000603000000, 0x0000000800000000)
  region size 4096K, 3 young (12288K), 2 survivors (8192K)
}
Event: 159.483 {heap After GC invocations=53 (full 10):
 garbage-first heap   total reserved 8339456K, committed 139264K, used 38390K [0x0000000603000000, 0x0000000800000000)
  region size 4096K, 0 young (0K), 0 survivors (0K)
}
Event: 159.926 {heap Before GC invocations=53 (full 10):
 garbage-first heap   total reserved 8339456K, committed 139264K, used 120310K [0x0000000603000000, 0x0000000800000000)
  region size 4096K, 20 young (81920K), 0 survivors (0K)
}
Event: 159.930 {heap After GC invocations=54 (full 10):
 garbage-first heap   total reserved 8339456K, committed 417792K, used 44572K [0x0000000603000000, 0x0000000800000000)
  region size 4096K, 2 young (8192K), 2 survivors (8192K)
}
Event: 161.646 {heap Before GC invocations=55 (full 10):
 garbage-first heap   total reserved 8339456K, committed 163840K, used 122396K [0x0000000603000000, 0x0000000800000000)
  region size 4096K, 22 young (90112K), 2 survivors (8192K)
}
Event: 161.680 {heap After GC invocations=56 (full 11):
 garbage-first heap   total reserved 8339456K, committed 151552K, used 39084K [0x0000000603000000, 0x0000000800000000)
  region size 4096K, 0 young (0K), 0 survivors (0K)
}
Event: 162.227 {heap Before GC invocations=56 (full 11):
 garbage-first heap   total reserved 8339456K, committed 151552K, used 129196K [0x0000000603000000, 0x0000000800000000)
  region size 4096K, 22 young (90112K), 0 survivors (0K)
}
Event: 162.229 {heap After GC invocations=57 (full 11):
 garbage-first heap   total reserved 8339456K, committed 151552K, used 45535K [0x0000000603000000, 0x0000000800000000)
  region size 4096K, 2 young (8192K), 2 survivors (8192K)
}
Event: 169.013 {heap Before GC invocations=58 (full 11):
 garbage-first heap   total reserved 8339456K, committed 151552K, used 111071K [0x0000000603000000, 0x0000000800000000)
  region size 4096K, 19 young (77824K), 2 survivors (8192K)
}
Event: 169.080 {heap After GC invocations=59 (full 12):
 garbage-first heap   total reserved 8339456K, committed 151552K, used 39550K [0x0000000603000000, 0x0000000800000000)
  region size 4096K, 0 young (0K), 0 survivors (0K)
}
Event: 169.601 {heap Before GC invocations=59 (full 12):
 garbage-first heap   total reserved 8339456K, committed 151552K, used 129662K [0x0000000603000000, 0x0000000800000000)
  region size 4096K, 22 young (90112K), 0 survivors (0K)
}
Event: 169.603 {heap After GC invocations=60 (full 12):
 garbage-first heap   total reserved 8339456K, committed 151552K, used 46148K [0x0000000603000000, 0x0000000800000000)
  region size 4096K, 2 young (8192K), 2 survivors (8192K)
}
Event: 182.685 {heap Before GC invocations=61 (full 12):
 garbage-first heap   total reserved 8339456K, committed 151552K, used 111684K [0x0000000603000000, 0x0000000800000000)
  region size 4096K, 19 young (77824K), 2 survivors (8192K)
}
Event: 182.746 {heap After GC invocations=62 (full 13):
 garbage-first heap   total reserved 8339456K, committed 151552K, used 40371K [0x0000000603000000, 0x0000000800000000)
  region size 4096K, 0 young (0K), 0 survivors (0K)
}
Event: 183.323 {heap Before GC invocations=62 (full 13):
 garbage-first heap   total reserved 8339456K, committed 151552K, used 130483K [0x0000000603000000, 0x0000000800000000)
  region size 4096K, 22 young (90112K), 0 survivors (0K)
}
Event: 183.326 {heap After GC invocations=63 (full 13):
 garbage-first heap   total reserved 8339456K, committed 151552K, used 47050K [0x0000000603000000, 0x0000000800000000)
  region size 4096K, 2 young (8192K), 2 survivors (8192K)
}

